<?xml version="1.0" encoding="UTF-8"?>
<testsuite xmlns:xsi="http://www.w3.org/2001/XMLSchema-instance" xsi:noNamespaceSchemaLocation="https://maven.apache.org/surefire/maven-surefire-plugin/xsd/surefire-test-report-3.0.xsd" version="3.0" name="com.digitinary.notificationservice.test.NotificationControllerWebSocketTest" time="8.554" tests="1" errors="0" skipped="0" failures="0">
  <properties>
[...]
</properties>
  <testcase name="testSendMessage" classname="com.digitinary.notificationservice.test.NotificationControllerWebSocketTest" time="0.017">
    <system-out><![CDATA[2024-09-08T22:16:02.848+03:00  INFO 6736 --- [           main] t.c.s.AnnotationConfigContextLoaderUtils : Could not detect default configuration classes for test class [com.digitinary.notificationservice.test.NotificationControllerWebSocketTest]: NotificationControllerWebSocketTest does not declare any static, non-private, non-final, nested classes annotated with @Configuration.
2024-09-08T22:16:02.852+03:00  INFO 6736 --- [           main] .b.t.c.SpringBootTestContextBootstrapper : Found @SpringBootConfiguration com.digitinary.notificationservice.NotificationMicroserviceApplication for test class com.digitinary.notificationservice.test.NotificationControllerWebSocketTest

  .   ____          _            __ _ _
 /\\ / ___'_ __ _ _(_)_ __  __ _ \ \ \ \
( ( )\___ | '_ | '_| | '_ \/ _` | \ \ \ \
 \\/  ___)| |_)| | | | | || (_| |  ) ) ) )
  '  |____| .__|_| |_|_| |_\__, | / / / /
 =========|_|==============|___/=/_/_/_/
 :: Spring Boot ::                (v3.2.1)

2024-09-08T22:16:02.898+03:00  INFO 6736 --- [           main] .n.t.NotificationControllerWebSocketTest : Starting NotificationControllerWebSocketTest using Java 17.0.11 with PID 6736 (started by Willson in C:\Users\Willson\Desktop\Digitinary-Task\Digitinary Notification Service)
2024-09-08T22:16:02.898+03:00  INFO 6736 --- [           main] .n.t.NotificationControllerWebSocketTest : No active profile set, falling back to 1 default profile: "default"
2024-09-08T22:16:04.078+03:00  INFO 6736 --- [           main] .s.d.r.c.RepositoryConfigurationDelegate : Bootstrapping Spring Data JPA repositories in DEFAULT mode.
2024-09-08T22:16:04.146+03:00  INFO 6736 --- [           main] .s.d.r.c.RepositoryConfigurationDelegate : Finished Spring Data repository scanning in 54 ms. Found 1 JPA repository interface.
2024-09-08T22:16:05.128+03:00  INFO 6736 --- [           main] o.hibernate.jpa.internal.util.LogHelper  : HHH000204: Processing PersistenceUnitInfo [name: default]
2024-09-08T22:16:05.281+03:00  INFO 6736 --- [           main] org.hibernate.Version                    : HHH000412: Hibernate ORM core version 6.4.1.Final
2024-09-08T22:16:05.355+03:00  INFO 6736 --- [           main] o.h.c.internal.RegionFactoryInitiator    : HHH000026: Second-level cache disabled
2024-09-08T22:16:05.608+03:00  INFO 6736 --- [           main] o.s.o.j.p.SpringPersistenceUnitInfo      : No LoadTimeWeaver setup: ignoring JPA class transformer
2024-09-08T22:16:05.663+03:00  INFO 6736 --- [           main] com.zaxxer.hikari.HikariDataSource       : HikariPool-1 - Starting...
2024-09-08T22:16:06.200+03:00  INFO 6736 --- [           main] com.zaxxer.hikari.pool.HikariPool        : HikariPool-1 - Added connection conn0: url=jdbc:h2:mem:notificationdb user=SA
2024-09-08T22:16:06.203+03:00  INFO 6736 --- [           main] com.zaxxer.hikari.HikariDataSource       : HikariPool-1 - Start completed.
2024-09-08T22:16:06.252+03:00  WARN 6736 --- [           main] org.hibernate.orm.deprecation            : HHH90000025: H2Dialect does not need to be specified explicitly using 'hibernate.dialect' (remove the property setting and it will be selected by default)
2024-09-08T22:16:07.341+03:00  INFO 6736 --- [           main] o.h.e.t.j.p.i.JtaPlatformInitiator       : HHH000489: No JTA platform available (set 'hibernate.transaction.jta.platform' to enable JTA platform integration)
Hibernate: create table notifications (notification_id bigint generated by default as identity, body varchar(255), created_at timestamp(6), title varchar(255), type varchar(255) check (type in ('CUSTOMER_CREATED','CUSTOMER_UPDATED','CUSTOMER_DELETED')), primary key (notification_id))
2024-09-08T22:16:07.456+03:00  INFO 6736 --- [           main] j.LocalContainerEntityManagerFactoryBean : Initialized JPA EntityManagerFactory for persistence unit 'default'
2024-09-08T22:16:07.495+03:00  INFO 6736 --- [           main] c.d.n.config.ThreadPoolConfig            : Executor with 5 threads has been created.
2024-09-08T22:16:08.319+03:00 DEBUG 6736 --- [           main] o.s.w.s.s.s.WebSocketHandlerMapping      : Patterns [/ws/**] in 'stompWebSocketHandlerMapping'
2024-09-08T22:16:08.534+03:00  WARN 6736 --- [           main] JpaBaseConfiguration$JpaWebConfiguration : spring.jpa.open-in-view is enabled by default. Therefore, database queries may be performed during view rendering. Explicitly configure spring.jpa.open-in-view to disable this warning
2024-09-08T22:16:08.591+03:00 DEBUG 6736 --- [           main] .WebSocketAnnotationMethodMessageHandler : 
	c.d.n.c.NotificationController:
	{[MESSAGE],[/send]}: SendMessage(String)
2024-09-08T22:16:08.592+03:00 DEBUG 6736 --- [           main] .WebSocketAnnotationMethodMessageHandler : 
	o.s.b.a.w.s.e.BasicErrorController:
	
2024-09-08T22:16:08.594+03:00 DEBUG 6736 --- [           main] .WebSocketAnnotationMethodMessageHandler : 
	o.s.w.a.MultipleOpenApiWebMvcResource:
	
2024-09-08T22:16:08.602+03:00 DEBUG 6736 --- [           main] .WebSocketAnnotationMethodMessageHandler : 
	o.s.w.a.OpenApiWebMvcResource:
	
2024-09-08T22:16:08.603+03:00 DEBUG 6736 --- [           main] .WebSocketAnnotationMethodMessageHandler : 
	o.s.w.u.SwaggerWelcomeWebMvc:
	
2024-09-08T22:16:08.603+03:00 DEBUG 6736 --- [           main] .WebSocketAnnotationMethodMessageHandler : 
	o.s.w.u.SwaggerConfigResource:
	
2024-09-08T22:16:08.879+03:00  INFO 6736 --- [           main] o.s.b.a.w.s.WelcomePageHandlerMapping    : Adding welcome page: class path resource [static/index.html]
2024-09-08T22:16:10.922+03:00  INFO 6736 --- [           main] o.s.b.a.h2.H2ConsoleAutoConfiguration    : H2 console available at '/h2-console'. Database available at 'jdbc:h2:mem:notificationdb'
2024-09-08T22:16:11.023+03:00  INFO 6736 --- [           main] o.s.b.a.e.web.EndpointLinksResolver      : Exposing 3 endpoint(s) beneath base path '/actuator'
2024-09-08T22:16:11.159+03:00  INFO 6736 --- [           main] o.s.m.s.b.SimpleBrokerMessageHandler     : Starting...
2024-09-08T22:16:11.159+03:00  INFO 6736 --- [           main] o.s.m.s.b.SimpleBrokerMessageHandler     : BrokerAvailabilityEvent[available=true, SimpleBrokerMessageHandler [org.springframework.messaging.simp.broker.DefaultSubscriptionRegistry@3e7a7ab8]]
2024-09-08T22:16:11.160+03:00  INFO 6736 --- [           main] o.s.m.s.b.SimpleBrokerMessageHandler     : Started.
2024-09-08T22:16:11.164+03:00  INFO 6736 --- [           main] o.s.a.r.c.CachingConnectionFactory       : Attempting to connect to: [localhost:5672]
2024-09-08T22:16:11.265+03:00  INFO 6736 --- [           main] o.s.a.r.c.CachingConnectionFactory       : Created new connection: rabbitConnectionFactory#3abd53c9:0/SimpleConnection@22cb2c7b [delegate=amqp://guest@127.0.0.1:5672/, localPort=54802]
2024-09-08T22:16:11.333+03:00  INFO 6736 --- [           main] .n.t.NotificationControllerWebSocketTest : Started NotificationControllerWebSocketTest in 8.472 seconds (process running for 17.763)
2024-09-08T22:16:11.388+03:00  INFO 6736 --- [           main] c.d.n.controller.NotificationController  : message: Test Message
]]></system-out>
  </testcase>
</testsuite>