<?xml version="1.0" encoding="UTF-8"?>
<testsuite xmlns:xsi="http://www.w3.org/2001/XMLSchema-instance" xsi:noNamespaceSchemaLocation="https://maven.apache.org/surefire/maven-surefire-plugin/xsd/surefire-test-report-3.0.xsd" version="3.0" name="com.digitinary.customerservice.CustomersServiceTest" time="9.119" tests="6" errors="0" skipped="0" failures="0">
  <properties>
[...]
</properties>
  <testcase name="testSuccessUpdateCustomer" classname="com.digitinary.customerservice.CustomersServiceTest" time="0.031">
    <system-out><![CDATA[2024-09-08T21:55:51.395+03:00  INFO 14300 --- [           main] t.c.s.AnnotationConfigContextLoaderUtils : Could not detect default configuration classes for test class [com.digitinary.customerservice.CustomersServiceTest]: CustomersServiceTest does not declare any static, non-private, non-final, nested classes annotated with @Configuration.
2024-09-08T21:55:51.400+03:00  INFO 14300 --- [           main] .b.t.c.SpringBootTestContextBootstrapper : Found @SpringBootConfiguration com.digitinary.customerservice.CustomerMicroserviceApplication for test class com.digitinary.customerservice.CustomersServiceTest

  .   ____          _            __ _ _
 /\\ / ___'_ __ _ _(_)_ __  __ _ \ \ \ \
( ( )\___ | '_ | '_| | '_ \/ _` | \ \ \ \
 \\/  ___)| |_)| | | | | || (_| |  ) ) ) )
  '  |____| .__|_| |_|_| |_\__, | / / / /
 =========|_|==============|___/=/_/_/_/
 :: Spring Boot ::                (v3.2.0)

2024-09-08T21:55:51.457+03:00  INFO 14300 --- [           main] c.d.c.CustomersServiceTest               : Starting CustomersServiceTest using Java 17.0.11 with PID 14300 (started by Willson in C:\Users\Willson\Desktop\Digitinary-Task\Digitinary Customer Service)
2024-09-08T21:55:51.457+03:00  INFO 14300 --- [           main] c.d.c.CustomersServiceTest               : No active profile set, falling back to 1 default profile: "default"
2024-09-08T21:55:52.557+03:00  INFO 14300 --- [           main] .s.d.r.c.RepositoryConfigurationDelegate : Bootstrapping Spring Data JPA repositories in DEFAULT mode.
2024-09-08T21:55:52.633+03:00  INFO 14300 --- [           main] .s.d.r.c.RepositoryConfigurationDelegate : Finished Spring Data repository scanning in 64 ms. Found 1 JPA repository interface.
2024-09-08T21:55:53.679+03:00  INFO 14300 --- [           main] o.hibernate.jpa.internal.util.LogHelper  : HHH000204: Processing PersistenceUnitInfo [name: default]
2024-09-08T21:55:53.821+03:00  INFO 14300 --- [           main] org.hibernate.Version                    : HHH000412: Hibernate ORM core version 6.3.1.Final
2024-09-08T21:55:53.900+03:00  INFO 14300 --- [           main] o.h.c.internal.RegionFactoryInitiator    : HHH000026: Second-level cache disabled
2024-09-08T21:55:54.153+03:00  INFO 14300 --- [           main] o.s.o.j.p.SpringPersistenceUnitInfo      : No LoadTimeWeaver setup: ignoring JPA class transformer
2024-09-08T21:55:54.201+03:00  INFO 14300 --- [           main] com.zaxxer.hikari.HikariDataSource       : HikariPool-1 - Starting...
2024-09-08T21:55:54.706+03:00  INFO 14300 --- [           main] com.zaxxer.hikari.pool.HikariPool        : HikariPool-1 - Added connection conn0: url=jdbc:h2:mem:customerdb user=SA
2024-09-08T21:55:54.709+03:00  INFO 14300 --- [           main] com.zaxxer.hikari.HikariDataSource       : HikariPool-1 - Start completed.
2024-09-08T21:55:54.758+03:00  WARN 14300 --- [           main] org.hibernate.orm.deprecation            : HHH90000025: H2Dialect does not need to be specified explicitly using 'hibernate.dialect' (remove the property setting and it will be selected by default)
2024-09-08T21:55:56.281+03:00  INFO 14300 --- [           main] o.h.e.t.j.p.i.JtaPlatformInitiator       : HHH000489: No JTA platform available (set 'hibernate.transaction.jta.platform' to enable JTA platform integration)
Hibernate: create table addresses (id bigint generated by default as identity, city varchar(255), country varchar(255), line_one varchar(255), line_two varchar(255), postal_code varchar(255), customer_id bigint, org_id bigint, primary key (id))
Hibernate: create table customer_orgs (org_id bigint generated by default as identity, legal_name varchar(255), registration_no varchar(255), trademark_name varchar(255), customer_id bigint, primary key (org_id))
Hibernate: create table customers (id bigint generated by default as identity, mobile_no varchar(255), name varchar(255), type varchar(255) check (type in ('INDIVIDUAL','ORGANIZATION')), primary key (id))
Hibernate: alter table if exists customer_orgs drop constraint if exists UK_dby93g3363b28rg7m9gbj77i8
Hibernate: alter table if exists customer_orgs add constraint UK_dby93g3363b28rg7m9gbj77i8 unique (customer_id)
Hibernate: alter table if exists addresses add constraint FKhrpf5e8dwasvdc5cticysrt2k foreign key (customer_id) references customers
Hibernate: alter table if exists addresses add constraint FKetm47vk1ntbr3h2kmaebmlajd foreign key (org_id) references customer_orgs
Hibernate: alter table if exists customer_orgs add constraint FKei3xuygb8o5geia63shshn2wp foreign key (customer_id) references customers
2024-09-08T21:55:56.407+03:00  INFO 14300 --- [           main] j.LocalContainerEntityManagerFactoryBean : Initialized JPA EntityManagerFactory for persistence unit 'default'
2024-09-08T21:55:58.038+03:00  WARN 14300 --- [           main] JpaBaseConfiguration$JpaWebConfiguration : spring.jpa.open-in-view is enabled by default. Therefore, database queries may be performed during view rendering. Explicitly configure spring.jpa.open-in-view to disable this warning
2024-09-08T21:55:59.889+03:00  INFO 14300 --- [           main] o.s.b.a.h2.H2ConsoleAutoConfiguration    : H2 console available at '/h2-console'. Database available at 'jdbc:h2:mem:customerdb'
2024-09-08T21:56:00.024+03:00  INFO 14300 --- [           main] o.s.b.a.e.web.EndpointLinksResolver      : Exposing 3 endpoint(s) beneath base path '/actuator'
2024-09-08T21:56:00.150+03:00  INFO 14300 --- [           main] c.d.c.CustomersServiceTest               : Started CustomersServiceTest in 8.74 seconds (process running for 15.142)
2024-09-08T21:56:00.440+03:00  INFO 14300 --- [           main] c.d.c.service.CustomersService           : Updating customer: 
2024-09-08T21:56:00.440+03:00  INFO 14300 --- [           main] c.d.c.service.CustomersService           : Customer Updatied successfully: 
2024-09-08T21:56:00.441+03:00  INFO 14300 --- [           main] c.d.c.service.CustomersService           : Event published successfully: {}
]]></system-out>
  </testcase>
  <testcase name="testSuccessCreateCustomer" classname="com.digitinary.customerservice.CustomersServiceTest" time="0.007">
    <system-out><![CDATA[2024-09-08T21:56:00.467+03:00  INFO 14300 --- [           main] c.d.c.service.CustomersService           : Start Creating customer: 
2024-09-08T21:56:00.467+03:00  INFO 14300 --- [           main] c.d.c.service.CustomersService           : Customer created successfully:
2024-09-08T21:56:00.467+03:00  INFO 14300 --- [           main] c.d.c.service.CustomersService           : Event published successfully: {}
]]></system-out>
  </testcase>
  <testcase name="testGetNotFoundCustomerById" classname="com.digitinary.customerservice.CustomersServiceTest" time="0.007"/>
  <testcase name="testGetSuccessCustomerById" classname="com.digitinary.customerservice.CustomersServiceTest" time="0.006"/>
  <testcase name="testFaildUpdateCustomer" classname="com.digitinary.customerservice.CustomersServiceTest" time="0.006">
    <system-out><![CDATA[2024-09-08T21:56:00.494+03:00  INFO 14300 --- [           main] c.d.c.service.CustomersService           : Start Creating customer: 
]]></system-out>
  </testcase>
  <testcase name="testFaildCreateCustomer" classname="com.digitinary.customerservice.CustomersServiceTest" time="0.007">
    <system-out><![CDATA[2024-09-08T21:56:00.504+03:00  INFO 14300 --- [           main] c.d.c.service.CustomersService           : Start Creating customer: 
]]></system-out>
  </testcase>
</testsuite>